--------------------------------------------------------------------------------
Epoch  Train loss        Time
--------------------------------------------------------------------------------
1000   5.32249001e-02    119.50702062994242
2000   1.99588002e-03    113.87339919805527
3000   1.40070737e-03    113.3090297728777
4000   1.16155842e-03    108.83883891999722
5000   1.01003864e-03    108.0604809820652
6000   8.83862756e-04    120.77185815572739
7000   7.42176839e-04    114.29144616425037
8000   6.49596946e-04    115.01898800581694
9000   4.95108992e-04    111.2545909062028
10000  4.55252857e-04    106.78072562068701
11000  4.41845809e-04    110.16811789572239
12000  4.46970882e-04    107.01693954318762
13000  4.41610714e-04    104.99921064823866
14000  4.24054062e-04    103.69592397660017
15000  3.96676647e-04    105.29861868917942
16000  3.58427276e-04    105.92154689878225
17000  3.12396369e-04    108.1391641497612
18000  2.97021834e-04    107.27839861810207
19000  3.03198739e-04    107.90462319552898
20000  3.10767691e-04    109.73460308462381
21000  3.09726289e-04    108.5023538172245
22000  2.97083459e-04    105.68828333169222
23000  2.83577916e-04    104.2366483360529
24000  2.75528184e-04    103.13081588596106
25000  2.45157995e-04    107.85855694115162
26000  2.47341019e-04    108.41566500812769
27000  2.46722928e-04    111.13027335703373
28000  2.47731619e-04    111.404576651752
29000  2.55942726e-04    110.0011884868145
30000  2.55131357e-04    109.41084209084511
31000  2.47572393e-04    109.80965100228786
32000  2.38640600e-04    108.24278601258993
33000  2.24818145e-04    113.9539241194725
34000  2.19473780e-04    110.41347287595272
35000  2.24372422e-04    111.25317727774382
36000  2.23644738e-04    110.5662109553814
37000  2.33585917e-04    110.03914701938629
38000  2.29386975e-04    109.14552053809166
39000  2.22468970e-04    108.16364975273609
40000  2.22693054e-04    108.01043701916933
41000  2.06025036e-04    111.84310720860958
42000  2.10365321e-04    110.631727039814
43000  2.08268428e-04    107.18994008004665
44000  2.11232228e-04    110.1242011114955
45000  2.19576490e-04    109.48717381060123
46000  2.20779258e-04    108.90218586474657
47000  2.10557025e-04    109.53008404374123
48000  2.11714082e-04    108.48685696721077
49000  2.00244058e-04    112.9626703709364
50000  2.05574322e-04    111.99889608472586
51000  2.03803121e-04    111.87841617316008
52000  2.08719600e-04    110.20458287745714
53000  2.10723099e-04    108.8360136449337
54000  2.05296902e-04    109.15001516789198
55000  2.07910935e-04    108.15982736647129
56000  2.02934614e-04    109.03769601881504
57000  1.91993447e-04    112.67010515928268
58000  1.95007653e-04    113.10456436127424
59000  1.95872866e-04    111.43738722801208
60000  2.01518067e-04    110.46978187561035
61000  2.15198106e-04    110.72372406721115
62000  1.96670702e-04    109.56403742730618
63000  2.05425573e-04    109.49060616642237
64000  2.00982843e-04    108.88543125241995
65000  1.88267373e-04    113.35081402212381
66000  1.95315578e-04    112.09573395550251
67000  1.97168171e-04    109.71959348022938
68000  2.04215808e-04    110.13851653039455
69000  2.03092394e-04    106.97698424756527
70000  2.02751778e-04    108.32801733911037
71000  1.97374920e-04    107.24123050272465
72000  1.95677955e-04    106.7889109030366
73000  1.84500157e-04    112.21484785526991
74000  1.83231000e-04    109.47384587675333
75000  1.96834184e-04    108.97921301424503
76000  1.91550777e-04    109.36151151359081
77000  1.96469075e-04    108.55239180475473
78000  1.98626464e-04    106.27861878275871
79000  1.96851820e-04    116.33634828031063
80000  1.97338530e-04    108.37661076337099
81000  1.86659164e-04    119.74815230071545
82000  1.86003604e-04    110.07261069864035
83000  1.87291984e-04    109.14572377502918
84000  1.89930494e-04    108.11452946066856
85000  1.93666767e-04    109.35124745965004
86000  1.95180234e-04    106.68152537941933
87000  1.90650171e-04    107.66810914874077
88000  1.88994716e-04    108.24611181020737
89000  1.79824961e-04    113.0754651427269
90000  1.83064412e-04    109.8873186185956
91000  1.86603107e-04    107.80575078725815
92000  1.92097580e-04    109.06028704345226
93000  1.88327744e-04    117.1387113854289
94000  1.91317644e-04    107.96330211311579
95000  1.90297996e-04    113.83720947057009
96000  1.94614027e-04    107.57430496066809
97000  1.77999879e-04    112.35458917170763
98000  1.82881429e-04    111.02052460610867
99000  1.85570841e-04    110.41771198809147
100000 1.86137105e-04    110.19864757359028
101000 1.88583266e-04    110.27966502308846
102000 1.90237178e-04    106.55664952099323
103000 1.86254116e-04    105.70111321657896
104000 1.87190905e-04    107.34128669649363
105000 1.84682172e-04    110.07122046500444
106000 1.77320648e-04    117.85876362025738
107000 1.78874151e-04    109.32186250388622
108000 1.84008839e-04    105.20156344771385
109000 1.81448892e-04    109.4902276918292
110000 1.89241682e-04    112.63036029040813
111000 1.86023132e-04    108.16650476306677
112000 1.88263357e-04    107.12730755656958
113000 1.82061968e-04    111.10779594630003
114000 1.75811566e-04    110.59513752162457
115000 1.76451220e-04    109.22629068791866
116000 1.86137157e-04    108.31733798235655
117000 1.82981934e-04    108.08964292705059
118000 1.86315478e-04    108.12956631928682
119000 1.84028052e-04    104.9789679646492
120000 1.83878677e-04    115.04494386166334
121000 1.79936727e-04    112.65208330005407
122000 1.80261556e-04    108.11562345921993
123000 1.82065376e-04    110.60899287462234
124000 1.82130438e-04    117.18988375365734
125000 1.82310421e-04    107.86627744138241
126000 1.83341798e-04    107.23283562809229
127000 1.83510335e-04    107.3424961566925
128000 1.82042908e-04    108.62301261723042
129000 1.76334883e-04    113.38253019750118
130000 1.78150977e-04    109.65387073159218
131000 1.80481958e-04    109.05476209521294
132000 1.81299486e-04    109.11424068361521
133000 1.86283926e-04    114.07208072394133
134000 1.81565609e-04    104.9199904948473
135000 1.83066875e-04    106.65556585043669
136000 1.78716671e-04    106.45252510160208
137000 1.79728249e-04    112.94402930885553
138000 1.82402154e-04    110.83089762926102
139000 1.76876962e-04    115.95943479984999
140000 1.83679134e-04    107.70898246765137
141000 1.84634429e-04    106.07307282835245
142000 1.83272504e-04    106.36614580452442
143000 1.84086852e-04    106.63889239728451
144000 1.76982641e-04    106.6627788245678
145000 1.75915792e-04    112.6399982124567
146000 1.81040163e-04    117.87242013961077
147000 1.81091085e-04    107.02172660827637
148000 1.80178996e-04    107.25217201560736
149000 1.88418148e-04    107.24454679340124
150000 1.80303312e-04    106.12360209226608
151000 1.77589507e-04    105.36914627254009
152000 1.79099833e-04    104.69604124128819
153000 1.77821751e-04    111.6993010789156
154000 1.74662123e-04    115.82700543105602
155000 1.81875173e-04    106.98628702759743
156000 1.82338585e-04    106.80304073542356
157000 1.86989777e-04    108.39546916633844
158000 1.74530418e-04    105.74063124507666
159000 1.81495268e-04    104.21896726638079
160000 1.77505365e-04    114.61770255863667
161000 1.72688549e-04    113.79692676663399
162000 1.75693674e-04    110.59682852774858
163000 1.80001309e-04    111.16363137960434
164000 1.81760508e-04    110.29401572048664
165000 1.81119372e-04    108.13004022091627
166000 1.79174909e-04    108.0026297941804
167000 1.86806021e-04    108.14530670642853
168000 1.81814243e-04    106.42431858927011
169000 1.82944003e-04    125.03371527045965
170000 1.76469831e-04    109.89009899646044
171000 1.80214253e-04    108.35134708881378
172000 1.77861685e-04    107.95564100146294
173000 1.87498191e-04    116.30520578473806
174000 1.78920524e-04    105.03809595108032
175000 1.82229057e-04    105.0973703339696
176000 1.73008761e-04    107.06166013330221
177000 1.84733184e-04    114.18389196693897
178000 1.68285500e-04    107.38027450442314
179000 1.84203510e-04    111.72162870317698
180000 1.74528923e-04    110.57517056912184
181000 1.81083480e-04    108.3575545027852
182000 1.82275647e-04    107.28713224828243
183000 1.79993946e-04    114.58353119343519
184000 1.82098552e-04    108.10717239230871
185000 1.75193408e-04    114.2159141600132
186000 1.75188647e-04    109.69300353527069
187000 1.78300752e-04    117.18810234218836
188000 1.79227321e-04    110.23230308294296
189000 1.77996288e-04    106.00082569569349
190000 1.82925912e-04    108.46265362203121
191000 1.80691501e-04    107.81932029873133
192000 1.83518588e-04    107.31002292782068
193000 1.81446077e-04    114.79164272546768
194000 1.73876637e-04    110.52310226112604
195000 1.82778762e-04    108.68291941285133
196000 1.86193872e-04    107.55333063751459
197000 1.82547091e-04    106.34726082533598
198000 1.83857294e-04    116.27367494255304
199000 1.73401118e-04    107.0668488368392
200000 1.77017658e-04    113.89558473229408
201000 1.79850539e-04    114.19752342998981
202000 1.79093054e-04    111.56327787041664
203000 1.74258670e-04    111.53768621385098
204000 1.80723646e-04    109.68381241708994
205000 1.81352391e-04    107.9373889118433
206000 1.79067541e-04    105.65078980475664
207000 1.81728397e-04    106.10325346887112
208000 1.73920824e-04    106.6365999430418
209000 1.81407280e-04    112.3082831799984
210000 1.77138111e-04    109.65518759191036
211000 1.77627369e-04    110.88208201527596
212000 1.76524211e-04    109.29625119268894
213000 1.83263413e-04    110.81244815140963
214000 1.80714089e-04    108.8624272570014
215000 1.78474332e-04    106.9012344032526
216000 1.76470714e-04    107.31068048626184
217000 1.74754827e-04    114.34105873852968
218000 1.73927591e-04    109.04225277900696
219000 1.79399690e-04    109.63457737118006
220000 1.76411087e-04    109.80018652230501
221000 1.81505222e-04    109.43393220752478
222000 1.78755559e-04    106.93901964277029
223000 1.77750376e-04    108.29710859805346
224000 1.74223838e-04    107.03581827133894
225000 1.80901015e-04    115.1918204575777
226000 1.74939505e-04    109.76029150187969
227000 1.78602989e-04    110.4736735150218
228000 1.77041689e-04    108.84098675101995
229000 1.81529503e-04    108.37574157118797
230000 1.79455717e-04    107.72675354778767
231000 1.78914402e-04    107.50818504393101
232000 1.77147600e-04    106.16288162767887
233000 1.79005334e-04    113.28339789807796
234000 1.78051056e-04    109.48226165771484
235000 1.78711039e-04    109.32747789472342
236000 1.76924370e-04    117.56076537817717
237000 1.77631108e-04    107.21066816151142
238000 1.79032085e-04    108.22693825513124
239000 1.75273099e-04    105.54552914947271
240000 1.79645763e-04    105.9765001758933
241000 1.77235226e-04    114.19803035259247
242000 1.75725221e-04    109.47598298639059
243000 1.79383461e-04    106.57043420523405
244000 1.77631237e-04    109.17672225087881
245000 1.80781378e-04    108.7698745727539
246000 1.79634812e-04    107.77484364807606
247000 1.79743999e-04    107.39084716141224
248000 1.78232462e-04    107.24129623174667
249000 1.79697861e-04    113.72385028749704
250000 1.78346314e-04    109.50143722444773
251000 1.75130092e-04    108.13509067893028
252000 1.77911238e-04    120.16576206684113
253000 1.80405248e-04    107.54245702177286
254000 1.80604881e-04    105.15048995614052
255000 1.81833805e-04    106.22485975921154
256000 1.72168677e-04    105.47336854785681
257000 1.73518555e-04    115.66566812992096
258000 1.75247723e-04    109.04463701695204
259000 1.77122131e-04    109.29885229468346
260000 1.82131927e-04    108.47450067847967
261000 1.84821403e-04    107.61153534054756
262000 1.82691771e-04    106.71610395610332
263000 1.79458103e-04    107.17728762328625
264000 1.76059394e-04    105.56227684766054
265000 1.82954516e-04    114.5925920382142
266000 1.74441187e-04    109.75785053521395
267000 1.76192635e-04    108.85540712624788
268000 1.82460909e-04    109.27348417043686
269000 1.78974952e-04    108.14370469003916
270000 1.87638379e-04    107.83593697845936
271000 1.79739127e-04    113.88263192772865
272000 1.79378117e-04    105.53475944697857
273000 1.76760843e-04    113.7939935773611
274000 1.78631993e-04    108.85731388628483
275000 1.78592513e-04    106.58755746483803
276000 1.76269515e-04    109.3778808042407
277000 1.84193175e-04    107.59090088307858
278000 1.83988438e-04    107.96965160220861
279000 1.74168389e-04    107.82693452388048
280000 1.77259300e-04    105.85330756753683
281000 1.80636654e-04    114.56326957046986
282000 1.73177459e-04    110.29999653249979
283000 1.71061038e-04    109.94708433747292
284000 1.83720535e-04    108.50639019161463
285000 1.78354558e-04    108.02203913033009
286000 1.81320818e-04    107.62112875282764
287000 1.80959432e-04    106.19710902124643
288000 1.78760500e-04    106.79387900233269
289000 1.81458513e-04    117.07127414643764
290000 1.73658329e-04    110.69581336528063
291000 1.78804184e-04    118.16520237922668
292000 1.83126041e-04    108.59317824244499
293000 1.79261705e-04    107.77667301893234
294000 1.84960999e-04    103.2919349372387
295000 1.80993171e-04    107.58040211349726
296000 1.79903155e-04    108.12607625871897
297000 1.80652858e-04    114.77880501002073
298000 1.72074399e-04    109.93288677185774
299000 1.75772830e-04    109.13766772300005
300000 1.82465281e-04    109.72787252813578
301000 1.83047842e-04    107.89859912544489
302000 1.79625702e-04    106.47123958170414
303000 1.84256638e-04    107.41138008981943
304000 1.76251831e-04    103.9685618057847
