--------------------------------------------------------------------------------
Epoch  Train loss        Time
--------------------------------------------------------------------------------
1000   6.15993608e-02    44.3788785636425
2000   1.45149063e-03    54.100350350141525
3000   1.04450622e-03    47.92688461393118
4000   8.98591218e-04    43.846586018800735
5000   8.30641662e-04    48.38879851996899
6000   7.22242049e-04    51.227294497191906
7000   6.58888349e-04    47.886036574840546
8000   6.88917418e-04    48.87749822437763
9000   6.31968872e-04    49.32008583843708
10000  3.06466732e-04    49.18168783187866
11000  2.46458073e-04    47.83192128688097
12000  2.16227911e-04    51.57027420401573
13000  2.02156169e-04    50.29803163558245
14000  1.91527642e-04    49.43349677324295
15000  1.95487485e-04    49.55306304991245
16000  2.28508071e-04    51.705724246799946
17000  2.27245891e-04    52.5371346026659
18000  1.29760122e-04    46.97962095588446
19000  1.18322800e-04    49.62526825070381
20000  1.14009271e-04    47.16557561606169
21000  1.16787754e-04    46.6428959146142
22000  1.12659564e-04    50.944120310246944
23000  1.11699748e-04    51.297436863183975
24000  1.07608925e-04    50.27314808964729
25000  1.16451262e-04    45.810114331543446
26000  7.72787677e-05    41.59298299998045
27000  8.18570819e-05    50.47050778567791
28000  8.04571870e-05    45.262266121804714
29000  8.60379745e-05    44.5597602725029
30000  8.66311807e-05    51.22649370133877
31000  8.62657595e-05    51.10905708372593
32000  8.75883971e-05    45.75930467247963
33000  1.05405864e-04    45.62396804243326
34000  8.00071525e-05    48.64361274242401
35000  8.24353723e-05    48.307220831513405
36000  8.96426209e-05    40.71902920305729
37000  9.60404312e-05    50.508301213383675
38000  1.10413138e-04    48.85594742745161
39000  1.25837133e-04    49.76249259710312
40000  1.52086315e-04    51.07137370854616
41000  1.39284345e-04    48.25062125176191
42000  8.91617764e-05    48.917197577655315
43000  9.39326872e-05    50.808722510933876
44000  1.07988787e-04    49.41552574932575
45000  1.36267252e-04    52.967330902814865
46000  1.35745891e-04    43.11190962791443
47000  1.10072717e-04    49.374366499483585
48000  8.86946572e-05    49.750533647835255
49000  8.05135373e-05    48.14950134605169
50000  6.37756793e-05    45.6472582295537
51000  5.91589005e-05    49.96677638590336
52000  5.90494212e-05    48.25261890143156
53000  6.54763312e-05    44.41089189052582
54000  6.93567632e-05    47.02265779674053
55000  6.78407929e-05    47.29600901156664
56000  7.24274023e-05    49.979720771312714
57000  6.94415131e-05    50.509195759892464
58000  4.72583972e-05    48.91070485115051
59000  5.01458805e-05    51.148476146161556
60000  5.18706633e-05    45.52491631358862
61000  5.70770169e-05    52.58231422305107
62000  5.79399619e-05    52.460310608148575
63000  5.87921114e-05    48.57319785654545
64000  6.09831428e-05    47.801697731018066
65000  8.37631501e-05    49.746770329773426
66000  5.57016287e-05    51.063392505049706
67000  4.78588292e-05    47.32062117755413
68000  4.68532541e-05    44.633999690413475
69000  4.75006371e-05    46.15984144806862
70000  4.61017775e-05    51.12630990892649
71000  4.95797341e-05    48.67541854083538
72000  4.66860628e-05    43.22143688797951
73000  6.88313054e-05    50.06802774220705
74000  5.20225874e-05    50.04527689516544
75000  5.25631082e-05    51.647662952542305
76000  5.49859561e-05    49.47819619625807
77000  5.96044165e-05    51.221408896148205
78000  6.74882435e-05    45.47423753142357
79000  6.80024297e-05    50.8965599834919
80000  6.94219782e-05    52.6868059784174
81000  6.00307719e-05    53.47635129094124
82000  5.23907358e-05    51.58363654464483
83000  4.95882663e-05    51.03946168720722
84000  4.80400749e-05    52.08907029777765
85000  4.55474304e-05    49.41585583984852
86000  4.59741200e-05    53.86470493674278
87000  4.56021397e-05    52.43416931480169
88000  4.56682654e-05    51.29545232653618
89000  5.83390139e-05    52.21417447924614
90000  5.48450490e-05    48.85359149426222
91000  5.57820497e-05    53.40502322465181
92000  4.99281121e-05    49.24389895796776
93000  4.81851897e-05    52.24510985612869
94000  4.70259983e-05    48.03032240271568
95000  4.43925406e-05    47.58721570670605
96000  4.26596788e-05    46.24484633654356
97000  5.74734627e-05    49.529526218771935
98000  4.74468978e-05    47.34200393408537
99000  4.35191672e-05    49.87662926316261
100000 4.24836162e-05    50.148000337183475
101000 4.13596573e-05    46.96309902518988
102000 4.11491231e-05    50.331783443689346
103000 4.44349803e-05    44.9112431332469
104000 4.43560525e-05    49.475387282669544
105000 5.94015494e-05    44.286927439272404
106000 4.91760114e-05    50.96519651263952
107000 4.72295876e-05    46.2852987498045
108000 5.23450031e-05    49.51085329800844
109000 5.44336359e-05    43.55272023379803
110000 6.83003959e-05    51.28424617648125
111000 7.84797361e-05    51.419099159538746
112000 8.24888746e-05    50.696261033415794
113000 5.81305467e-05    54.930581621825695
114000 4.33682178e-05    51.16187082976103
115000 4.05637489e-05    45.39464879781008
116000 3.87778388e-05    51.633685417473316
117000 3.98927758e-05    51.030941754579544
118000 4.26188358e-05    51.47821220755577
119000 3.96887461e-05    50.19945053011179
120000 4.14714553e-05    49.73047726601362
121000 4.51520705e-05    45.50467441231012
122000 4.23141838e-05    42.79600005596876
123000 4.16975142e-05    50.222404435276985
124000 3.64709418e-05    49.10609297454357
125000 4.97974200e-05    50.46914438903332
126000 4.91624546e-05    50.91187947243452
127000 4.96507939e-05    43.49970929324627
128000 5.32761137e-05    47.55148298293352
129000 4.92575703e-05    52.71176163107157
130000 3.94326622e-05    47.02117455005646
131000 3.70463721e-05    51.361607439816
132000 3.68333142e-05    50.50528522580862
133000 3.79549232e-05    49.64642987400293
134000 3.79671082e-05    52.04184799641371
135000 3.89983921e-05    52.14428269863129
136000 3.84343171e-05    48.70830200612545
137000 4.04357401e-05    49.44441303610802
138000 3.92564848e-05    48.918177396059036
139000 3.90194342e-05    49.87444648146629
140000 3.85263397e-05    47.4929666146636
141000 3.79093506e-05    52.08931812644005
142000 3.77097518e-05    48.00098562985659
143000 3.61517134e-05    47.736118495464325
144000 3.68299805e-05    49.14310145378113
145000 4.84254493e-05    51.156480580568314
146000 4.70664225e-05    39.51640185713768
147000 4.65612547e-05    51.70591779053211
148000 5.34404185e-05    46.28102844208479
149000 5.72363875e-05    43.96515288203955
150000 6.75015071e-05    48.510492615401745
151000 7.77264121e-05    43.48261169344187
152000 7.15290555e-05    45.59698365628719
153000 4.34646578e-05    48.84974301606417
154000 3.94519712e-05    46.97614026069641
155000 5.09786230e-05    46.54256158322096
156000 5.25886132e-05    45.46010762453079
157000 5.77103446e-05    50.81825990229845
158000 5.19353861e-05    53.67080066353083
159000 5.28845346e-05    41.538701213896275
160000 4.60032312e-05    39.81155265122652
161000 3.69443304e-05    40.59663010388613
162000 3.71669546e-05    39.160890728235245
163000 3.63735708e-05    39.96626973897219
164000 4.01558307e-05    46.25923416763544
165000 4.43855864e-05    39.45091240108013
166000 4.37320321e-05    37.81746453791857
167000 4.36781550e-05    38.51672696322203
168000 4.77411703e-05    39.06077042222023
169000 3.78049072e-05    40.30775465071201
170000 3.78866449e-05    39.14941615611315
171000 3.82906696e-05    39.10779872536659
172000 3.82846211e-05    38.29530664533377
173000 4.49336462e-05    40.086515195667744
174000 4.79174678e-05    45.61088629812002
175000 4.57811167e-05    44.21100417524576
176000 4.79230203e-05    37.96917152404785
177000 3.24431408e-05    40.21892334520817
178000 3.08293730e-05    41.598852410912514
179000 3.33264495e-05    45.44560678303242
180000 3.70254569e-05    47.124707750976086
181000 3.90030532e-05    44.69296305626631
182000 4.39447177e-05    45.42341385781765
183000 4.32255059e-05    45.750393986701965
184000 4.60041871e-05    45.54624307900667
185000 3.94535723e-05    47.78035131841898
186000 4.10786217e-05    44.56689912080765
187000 4.22549791e-05    43.75159157067537
188000 5.04991328e-05    45.49904416501522
189000 5.26016037e-05    44.43515156209469
190000 6.21067333e-05    45.95376818627119
191000 7.32255972e-05    44.726691871881485
192000 6.21641369e-05    49.011866971850395
193000 3.48913857e-05    50.836076363921165
194000 3.10454644e-05    50.47385285049677
195000 3.21823496e-05    49.532069094479084
196000 3.27776869e-05    47.9592334702611
197000 3.30709303e-05    46.51809222996235
198000 3.18701999e-05    57.21331529319286
199000 3.35637869e-05    59.1358977034688
200000 3.25430316e-05    52.13130567967892
201000 4.06686161e-05    53.525713071227074
202000 3.56196502e-05    50.6272337436676
203000 3.78303960e-05    54.30283347517252
204000 3.91574660e-05    46.779197454452515
205000 4.17374509e-05    45.49837660044432
206000 4.59575091e-05    43.13529738038778
207000 4.41151588e-05    42.18077336996794
208000 4.72210642e-05    42.50763376802206
209000 3.53182592e-05    44.86614269018173
210000 3.47561637e-05    39.59408991038799
211000 3.32040504e-05    40.70692751556635
212000 3.86818050e-05    44.332053527235985
213000 4.28964495e-05    41.08060375601053
214000 4.41549890e-05    45.287283323705196
215000 4.35405036e-05    44.67991840094328
216000 4.49076609e-05    45.4568532332778
217000 3.23839178e-05    46.54616570472717
218000 3.26742439e-05    40.94229558855295
219000 3.32077558e-05    42.91672072559595
220000 3.36791831e-05    39.08665930479765
221000 3.39495644e-05    38.41370075941086
222000 3.24082905e-05    39.609151266515255
223000 3.35700582e-05    38.95397449284792
224000 3.46066215e-05    39.31761998683214
225000 4.27970194e-05    42.521534845232964
226000 4.21504404e-05    39.973602630198
227000 4.75594767e-05    40.59120111167431
228000 5.34452882e-05    41.14128287136555
229000 5.68607140e-05    44.644171983003616
230000 4.82511140e-05    46.768422693014145
231000 5.00212315e-05    45.85019239038229
232000 4.40914740e-05    46.186749301850796
233000 3.61791677e-05    48.83584126830101
234000 3.77970752e-05    45.89616683125496
235000 3.83314972e-05    44.898470655083656
236000 4.21909979e-05    45.00578487664461
237000 4.61825771e-05    46.69911070168018
238000 5.87280279e-05    43.541583992540836
239000 6.67108384e-05    43.67221228778362
240000 6.08375628e-05    47.16400698572397
241000 3.43717552e-05    48.767624385654926
242000 3.80132821e-05    41.185928136110306
243000 5.13015292e-05    45.05705879628658
244000 4.92886981e-05    42.678491465747356
245000 5.05044941e-05    39.2799578756094
246000 4.74717133e-05    39.70974163711071
247000 4.69756579e-05    39.39727409183979
248000 4.15818987e-05    40.037390649318695
249000 3.33139965e-05    41.529950596392155
250000 3.30146107e-05    38.77470315247774
251000 3.46731049e-05    41.16612818837166
252000 3.42093449e-05    45.98524563759565
253000 3.50794709e-05    45.361965380609035
254000 3.65766077e-05    46.21970109641552
255000 3.83601181e-05    46.68152228742838
256000 4.53135424e-05    46.54549004137516
257000 4.05191307e-05    49.581342935562134
258000 3.81250328e-05    47.17422940582037
259000 3.96928576e-05    47.29270055145025
260000 4.65146029e-05    45.382463939487934
261000 5.50980790e-05    45.04209416359663
262000 5.85142937e-05    45.67145974189043
263000 5.84460319e-05    46.10147625207901
264000 6.41244700e-05    44.57956972718239
265000 3.83424970e-05    47.08847725391388
266000 3.33944989e-05    45.99919466674328
267000 3.18423877e-05    45.501887671649456
268000 3.35813052e-05    43.984551675617695
269000 3.38172081e-05    45.71012733876705
270000 3.25228213e-05    45.918823048472404
271000 3.65534869e-05    45.361870266497135
272000 3.47902828e-05    43.88987058401108
273000 3.73109699e-05    41.84225436300039
274000 3.39036858e-05    39.68776864558458
275000 3.83133443e-05    39.886273466050625
276000 3.91504428e-05    40.80808602273464
277000 4.40640082e-05    41.21535777300596
278000 4.47053871e-05    42.49397387355566
279000 4.53523182e-05    45.4705248773098
280000 4.74928702e-05    46.05129878222942
281000 3.05998535e-05    47.80284149199724
282000 3.25210605e-05    40.03142612427473
283000 3.69332920e-05    39.03563714027405
284000 3.74214918e-05    39.08578807860613
285000 4.45362182e-05    39.130569733679295
286000 4.44678144e-05    43.22605888545513
287000 4.29162828e-05    44.422213450074196
288000 4.68151546e-05    42.65990963578224
289000 3.25646494e-05    44.76650919020176
290000 3.46812547e-05    43.05728454142809
291000 3.44952928e-05    39.2965891957283
292000 3.71619642e-05    38.937859043478966
293000 3.68493416e-05    39.71885018795729
294000 3.66417332e-05    40.527697160840034
295000 3.54942694e-05    44.54403467476368
296000 3.73672997e-05    43.2231812030077
297000 3.83917105e-05    40.86559257656336
298000 4.01468105e-05    39.313665963709354
299000 3.91862053e-05    37.95957410335541
300000 3.39090299e-05    39.37963669747114
301000 5.09768873e-05    40.38882427662611
302000 4.50761982e-05    39.33090956509113
303000 4.33992645e-05    37.92310147732496
304000 4.80624808e-05    37.629078432917595
305000 3.49488498e-05    42.85194443911314
306000 3.54666582e-05    39.937010288238525
307000 3.65005791e-05    39.539040841162205
308000 3.75529150e-05    39.97475401312113
309000 3.86365189e-05    39.81427821516991
310000 4.10048742e-05    39.05236806720495
311000 3.93514320e-05    40.03987944871187
312000 4.25983347e-05    39.95614850521088
313000 3.40997481e-05    42.46931102871895
314000 3.35021988e-05    41.667748518288136
315000 3.30699728e-05    39.2772608473897
316000 3.39268468e-05    39.54001299291849
317000 3.43877270e-05    39.09429045766592
318000 3.49469485e-05    39.19063575565815
319000 3.45420067e-05    40.40719598531723
320000 3.59428704e-05    41.0746803432703
321000 4.56637121e-05    41.08507937192917
322000 4.92671426e-05    41.264604456722736
323000 4.77037352e-05    39.079554848372936
324000 4.95983698e-05    39.28853530436754
325000 6.11431012e-05    39.551820799708366
326000 5.81196049e-05    38.79531389474869
327000 6.30220235e-05    39.842335261404514
328000 7.36232213e-05    38.69812572002411
329000 3.43628755e-05    46.64406023174524
330000 3.37459554e-05    49.34569180756807
331000 3.56335155e-05    44.73327651619911
332000 3.45827102e-05    39.59366583824158
333000 3.52910257e-05    39.827506959438324
334000 3.38432914e-05    40.11734718084335
335000 3.91040116e-05    50.580501563847065
336000 3.76154827e-05    46.979965664446354
