--------------------------------------------------------------------------------
Epoch  Train loss        Time
--------------------------------------------------------------------------------
1000   1.41052428e-01    145.6613358706236
2000   1.04042668e-02    143.93227454274893
3000   7.26503481e-03    142.81503804028034
4000   6.18563207e-03    144.43161426484585
5000   6.02670952e-03    141.64283103495836
6000   5.75486054e-03    141.11424614489079
7000   5.11622052e-03    139.2335143983364
8000   4.66195600e-03    140.78746528178453
9000   4.49684898e-03    144.41667962819338
10000  3.11302477e-03    144.40521759539843
11000  3.57344295e-03    140.66073890775442
12000  3.80406623e-03    140.95561986416578
13000  4.04731548e-03    142.11458937823772
14000  4.13854025e-03    139.810247130692
15000  3.93484903e-03    139.90254997462034
16000  3.64222504e-03    136.4350865483284
17000  4.13008728e-03    150.17841122299433
18000  2.68103431e-03    148.4571403041482
19000  2.88666223e-03    148.18627300858498
20000  3.15642819e-03    141.78168489038944
21000  3.54357064e-03    138.57029497623444
22000  3.49511530e-03    140.88188801705837
23000  3.25474748e-03    139.96564746648073
24000  3.14670749e-03    140.77933562546968
25000  3.81172818e-03    143.95995504409075
26000  2.44604105e-03    142.95695540308952
27000  2.58165958e-03    145.1712742894888
28000  2.90129599e-03    142.18002185970545
29000  3.01004177e-03    141.24419528245926
30000  3.15315810e-03    137.27763885259628
31000  3.10378050e-03    141.19296395033598
32000  2.96568922e-03    141.84371182322502
33000  3.97278654e-03    144.8350422233343
34000  2.36225576e-03    144.9524940699339
35000  2.44818616e-03    146.5187142789364
36000  2.60135749e-03    152.51301654428244
37000  2.83398056e-03    142.8518160134554
38000  2.96998934e-03    141.63197246938944
39000  2.91912264e-03    143.43412106484175
40000  2.83972153e-03    142.21361785382032
41000  4.65954819e-03    148.2523820772767
42000  2.36156100e-03    146.63477314263582
43000  2.46208773e-03    147.51091998070478
44000  2.55503187e-03    144.978300049901
45000  2.57981278e-03    144.4557221531868
46000  2.85468765e-03    142.76232561469078
47000  2.77702440e-03    141.13342529535294
48000  2.74800202e-03    141.43884725868702
49000  3.39416992e-03    149.1712595745921
50000  2.21497273e-03    146.10456041246653
51000  2.38309469e-03    145.84971322864294
52000  2.55232781e-03    144.48647445440292
53000  2.71663689e-03    143.1503390520811
54000  2.76889058e-03    143.6135392934084
55000  2.78854129e-03    139.76344517618418
56000  2.85654719e-03    141.37662541121244
57000  4.05341455e-03    143.9070831462741
58000  2.25622283e-03    145.16353125870228
59000  2.38306422e-03    145.71629733592272
60000  2.52137714e-03    144.45850376039743
61000  2.62655399e-03    142.9584455937147
62000  2.90226942e-03    141.0645109117031
63000  2.86051836e-03    142.49244828522205
64000  2.79695865e-03    140.4517212882638
65000  4.03312466e-03    146.7626370638609
66000  2.36541925e-03    145.21290854364634
67000  2.65684432e-03    144.06007945537567
68000  2.71959932e-03    142.25534508377314
69000  3.15227937e-03    142.61137881875038
70000  2.95248819e-03    138.1167827025056
71000  2.90543111e-03    140.30353500694036
72000  2.90811080e-03    137.25489400327206
73000  4.16041798e-03    149.54226607084274
74000  2.29731681e-03    144.6033052802086
75000  2.40561643e-03    146.0937753021717
76000  2.48802139e-03    144.13459695130587
77000  2.77302310e-03    142.43590151518583
78000  2.90688031e-03    142.13416980206966
79000  2.93537265e-03    142.25798788666725
80000  2.93441104e-03    142.88619568943977
81000  4.87659352e-03    147.80581183731556
82000  2.28961437e-03    144.63656193763018
83000  2.33775727e-03    144.25275449454784
84000  2.48275287e-03    146.00567092001438
85000  2.65529918e-03    141.58294974267483
86000  2.89959509e-03    142.33114162832499
87000  2.93679053e-03    142.29113756865263
88000  2.91740366e-03    141.85012279450893
89000  4.14610732e-03    148.91360193490982
90000  2.23172340e-03    145.2250650525093
91000  2.55454804e-03    145.86402326077223
92000  2.88990233e-03    144.35137048363686
93000  3.18152385e-03    140.6184715181589
94000  3.07986835e-03    140.37854912877083
95000  3.23249191e-03    142.2193318977952
96000  3.02639817e-03    141.52758171409369
97000  5.43920793e-03    148.2022865191102
98000  2.37449768e-03    144.05153612792492
99000  2.47748384e-03    145.5248907878995
100000 2.62265933e-03    145.34854695945978
101000 2.80051536e-03    142.68782391399145
102000 2.92615438e-03    142.67514304071665
103000 3.10874323e-03    142.07896665483713
104000 3.14344434e-03    142.26041014492512
105000 4.65125452e-03    146.64508032798767
106000 2.16645240e-03    146.87035040557384
107000 2.44224380e-03    146.56126990914345
108000 2.53425591e-03    144.4968771636486
109000 2.74826117e-03    142.00586792826653
110000 2.93170176e-03    142.07059501856565
111000 3.06341770e-03    142.17201117426157
112000 3.14093633e-03    142.0398423075676
113000 4.70194025e-03    150.38449745625257
114000 2.20280370e-03    146.50859286636114
115000 2.50332452e-03    145.93857589364052
116000 2.73399364e-03    144.28955710679293
117000 2.91223718e-03    142.44943592697382
118000 3.15726656e-03    143.22615672647953
119000 3.33162291e-03    142.45707004517317
120000 3.38623817e-03    141.2495521530509
121000 4.88967671e-03    149.3733272254467
122000 2.44305762e-03    146.45664457976818
123000 2.71018592e-03    145.2316900640726
124000 3.04777192e-03    144.01590778678656
125000 3.22915209e-03    141.3190527036786
126000 3.42969850e-03    137.63968086987734
127000 3.53730097e-03    138.84259890764952
128000 3.47401662e-03    140.21091005951166
129000 4.91902097e-03    151.14374724030495
130000 2.49802210e-03    146.11594559252262
131000 2.66762222e-03    142.068930901587
132000 2.83166001e-03    141.33528926223516
133000 3.05874262e-03    138.17997338622808
134000 3.28151010e-03    133.3002446219325
135000 3.33838562e-03    135.10180819034576
136000 3.23182093e-03    142.78690895438194
137000 4.62363456e-03    147.13119092583656
138000 2.54553906e-03    143.02235623449087
139000 3.03594078e-03    144.03593825548887
140000 3.09344958e-03    145.46356610953808
141000 3.20611351e-03    141.03739827126265
142000 3.21130699e-03    141.8622154816985
143000 3.26655499e-03    141.81642688065767
144000 3.23884964e-03    141.89122910052538
145000 3.88840611e-03    149.86691911518574
146000 2.43110747e-03    145.4329240322113
147000 2.74154029e-03    144.87082724273205
148000 2.87945320e-03    143.58346361666918
149000 3.32566689e-03    142.29157888889313
150000 3.24879063e-03    139.5635999366641
151000 3.16707177e-03    140.44750257581472
152000 3.11853186e-03    140.3530232012272
153000 4.65628792e-03    147.02971883118153
154000 2.31494847e-03    146.85443715006113
155000 2.53477843e-03    145.4336970001459
156000 2.73390142e-03    143.0285081639886
157000 2.86641397e-03    143.38093193620443
158000 2.98163210e-03    142.72638973593712
159000 2.93805435e-03    141.09640289843082
160000 2.72612474e-03    141.49145782738924
161000 4.11811427e-03    148.2119344174862
162000 2.12130399e-03    146.59772118926048
163000 2.15684245e-03    143.6605981439352
164000 2.50831063e-03    144.4557734876871
165000 2.66582477e-03    143.55840054154396
166000 2.89996643e-03    137.2818424627185
167000 3.17448705e-03    142.73445612192154
168000 3.20876276e-03    138.24865990132093
169000 4.01625589e-03    153.09081160277128
170000 2.29004390e-03    146.60463620722294
171000 2.52111311e-03    144.1287711188197
172000 2.67510709e-03    145.1142121553421
173000 3.01229500e-03    142.24184980243444
174000 3.23115226e-03    141.76430232822895
175000 3.35354984e-03    141.25140510499477
176000 3.26107445e-03    142.00302839279175
177000 4.78605848e-03    149.5134652927518
178000 2.37179261e-03    147.42295856028795
179000 2.47788467e-03    146.5772476196289
180000 2.56382635e-03    144.54229205101728
181000 2.86525980e-03    144.56290433555841
182000 3.13317421e-03    143.25374583899975
183000 3.05766758e-03    142.4342132434249
184000 3.05991137e-03    143.4597600325942
185000 3.68333845e-03    151.63262052088976
186000 2.11204546e-03    147.2328869625926
187000 2.39717405e-03    147.95037157833576
188000 2.43714617e-03    145.71289987117052
189000 2.75518283e-03    143.86000834405422
190000 2.97871737e-03    141.66297440230846
191000 3.19134554e-03    142.85820066183805
192000 3.22919193e-03    142.45621787011623
193000 4.73096144e-03    153.5865681245923
194000 2.33668051e-03    144.5414701923728
195000 2.59141914e-03    146.0024903640151
196000 2.83588932e-03    141.1784767434001
197000 3.19204464e-03    141.53372803330421
198000 3.17001589e-03    142.6597933024168
199000 3.12684734e-03    142.9162149950862
200000 3.12365762e-03    142.13345347344875
201000 3.78409904e-03    151.08472951501608
202000 2.44288316e-03    145.8132127597928
203000 2.86219212e-03    143.99999164789915
204000 2.91002338e-03    145.07667677104473
205000 2.99241096e-03    143.65082731097937
206000 3.12475119e-03    142.32493875920773
207000 3.14833526e-03    142.85312975943089
208000 3.07538543e-03    142.68242360651493
209000 3.44833922e-03    151.4644344970584
210000 2.25052174e-03    146.89088654518127
211000 2.32438815e-03    144.21465560793877
212000 2.44967213e-03    146.3522488847375
213000 2.80701696e-03    144.07623402774334
214000 3.06062297e-03    142.5494705811143
215000 3.10246960e-03    141.82753958553076
216000 2.88216524e-03    138.83065735548735
217000 4.42384891e-03    153.09170565009117
218000 2.28033705e-03    146.1981880068779
219000 2.39571265e-03    145.7771971002221
220000 2.57314347e-03    146.1838458031416
221000 2.82738660e-03    144.55654449760914
222000 3.10430075e-03    143.0900915041566
223000 3.02842667e-03    142.72576268017292
224000 2.95227767e-03    141.90665110200644
225000 3.78377523e-03    157.43761873990297
226000 2.35812313e-03    147.09517850726843
227000 2.46027046e-03    145.68762540072203
228000 2.67956596e-03    145.28088322281837
229000 2.83298693e-03    143.5762544348836
230000 3.01335410e-03    139.6438242867589
231000 3.11351008e-03    142.35284611582756
232000 2.82977625e-03    142.97462567687035
233000 4.27381724e-03    156.59463270753622
234000 2.26633950e-03    146.53871455043554
235000 2.51425397e-03    145.69181801378727
236000 2.59615683e-03    145.48556627333164
237000 2.87311424e-03    136.15230268985033
238000 3.04924291e-03    143.1589604243636
239000 2.93663722e-03    142.34126387536526
240000 2.91093309e-03    143.19849278777838
241000 3.65125983e-03    157.6104519367218
242000 2.25185181e-03    147.47249403595924
243000 2.48864853e-03    146.84802701324224
244000 2.61410448e-03    145.3007136285305
245000 2.84106716e-03    143.54530028998852
246000 2.85931239e-03    143.52863371372223
247000 2.93681181e-03    142.13507632911205
248000 2.78200772e-03    142.0669072046876
249000 4.68804857e-03    166.1597915738821
250000 2.23104593e-03    156.0132011398673
251000 2.34634453e-03    151.33874099701643
252000 2.45265332e-03    147.86665809899569
253000 2.50312072e-03    147.22090435028076
254000 3.00000258e-03    143.27914094924927
255000 2.71017892e-03    142.64679318666458
256000 2.71373372e-03    143.1235014051199
257000 4.15802119e-03    157.0201367586851
258000 2.13090683e-03    144.7903269380331
259000 2.62152494e-03    145.95111383497715
260000 2.72201463e-03    145.4094902202487
261000 2.83441461e-03    144.35452224314213
262000 3.08040796e-03    141.78906552493572
263000 2.94888660e-03    142.47817853838205
264000 2.80612245e-03    141.8665514215827
265000 2.88485460e-03    163.6185303553939
266000 2.04291346e-03    152.4494308680296
267000 2.11940136e-03    153.07951097935438
268000 2.28529910e-03    152.32159094512463
269000 2.57855319e-03    146.95360335707664
270000 2.77534203e-03    147.213329449296
271000 2.86997911e-03    147.2758638560772
272000 2.76605769e-03    142.4407606869936
273000 3.69244333e-03    157.98261537402868
274000 2.21013622e-03    147.5548939704895
275000 2.47306621e-03    146.43556184321642
276000 2.53459298e-03    143.39706724882126
277000 2.75759643e-03    143.430073261261
278000 2.87818923e-03    142.67806590348482
279000 2.72313214e-03    141.9566410034895
280000 2.77534238e-03    142.58957643061876
281000 4.38031153e-03    161.16465974599123
282000 2.03204476e-03    151.94480293989182
283000 2.34824524e-03    150.86894952505827
284000 2.51124562e-03    145.8461342304945
285000 2.62193538e-03    143.87118946015835
286000 2.76808377e-03    141.96248441189528
287000 2.84022636e-03    146.8523778989911
288000 2.77165095e-03    142.04807689785957
289000 4.01261456e-03    158.34235136955976
290000 2.19500051e-03    147.1493823826313
291000 2.52388576e-03    144.59086227416992
292000 2.77283149e-03    147.9234650209546
293000 2.92829409e-03    140.44813057035208
294000 3.03106729e-03    143.72242387384176
295000 3.12498763e-03    144.90304420888424
296000 2.83060446e-03    144.89712477475405
297000 4.19861238e-03    159.85765334963799
298000 2.19579425e-03    150.91241616010666
299000 2.33166831e-03    148.47055103629827
300000 2.47484802e-03    146.96048062294722
301000 2.58412560e-03    145.98570589721203
302000 2.89751555e-03    144.69870655983686
303000 2.87176261e-03    144.72616198658943
304000 2.79676167e-03    144.36146045476198
305000 3.73707886e-03    158.2215750142932
306000 2.05257884e-03    149.80946673452854
307000 2.30103839e-03    147.86773873865604
308000 2.48750111e-03    147.27464121580124
309000 2.59268571e-03    145.20187233388424
310000 2.77484525e-03    144.63577324151993
311000 2.71030459e-03    144.59908065199852
312000 2.65927801e-03    143.89363456517458
313000 3.41738756e-03    158.6828044950962
314000 2.16730701e-03    149.65331491827965
315000 2.24514919e-03    147.59919248521328
316000 2.40660998e-03    147.05720265209675
317000 2.57222111e-03    145.871825940907
318000 2.75189579e-03    144.6268696114421
319000 2.76190026e-03    145.12012880295515
320000 2.76069644e-03    143.77712577581406
321000 3.55661490e-03    157.20571023225784
322000 2.03598046e-03    148.5074496716261
323000 2.02864642e-03    148.72300779819489
324000 2.36783504e-03    147.9496958181262
325000 2.46465756e-03    146.5213786661625
326000 2.60182087e-03    145.84816853702068
327000 2.76359285e-03    146.4789419695735
328000 2.80272366e-03    145.51432488113642
329000 3.42368330e-03    162.83856880664825
330000 2.18715575e-03    153.08363695442677
331000 2.51420522e-03    150.2710548043251
332000 2.50699652e-03    146.14359755814075
333000 2.79721650e-03    145.4526144042611
334000 2.68619329e-03    144.23020842671394
335000 2.63227598e-03    144.60532779991627
336000 2.55128262e-03    143.8863661661744
