--------------------------------------------------------------------------------
Epoch  Train loss        Time
--------------------------------------------------------------------------------
1000   6.82281682e-01    154.5858346670866
2000   4.92531009e-01    154.05636328458786
3000   4.77531424e-01    154.9878300279379
4000   4.65355503e-01    153.68045511096716
5000   4.48252013e-01    152.90057783573866
6000   4.55552270e-01    150.9416081905365
7000   4.24484210e-01    148.7997566908598
8000   4.23819169e-01    146.94614782184362
9000   4.48588213e-01    156.3202174603939
10000  4.63250161e-01    153.61210690438747
11000  4.62015472e-01    152.35454857349396
12000  4.59735540e-01    153.66483033448458
13000  4.40365872e-01    150.14116860181093
14000  4.21431230e-01    145.03270541131496
15000  4.20304975e-01    145.34426072239876
16000  4.03074493e-01    145.65318798273802
17000  4.52575125e-01    154.45523492246866
18000  4.48782284e-01    186.6567695811391
19000  4.55688197e-01    156.27654461562634
20000  4.34594543e-01    153.36469988524914
21000  4.20322479e-01    146.81430280953646
22000  4.11600869e-01    149.28442510962486
23000  3.96419982e-01    152.09454684704542
24000  4.01241983e-01    145.53381595760584
25000  4.34379509e-01    151.87432985007763
26000  4.43418360e-01    150.68196247518063
27000  4.29276501e-01    150.11920113116503
28000  4.12528614e-01    147.5958926603198
29000  4.04773449e-01    146.7962490990758
30000  3.99314379e-01    143.67923532426357
31000  3.98222065e-01    145.37851390987635
32000  3.95945324e-01    141.64787431806326
33000  4.42960617e-01    153.87521696090698
34000  4.25610133e-01    147.87302518635988
35000  4.18335660e-01    150.97850856930017
36000  4.03319633e-01    148.11552675068378
37000  4.06028824e-01    146.5873834118247
38000  3.92670409e-01    144.0233211144805
39000  3.88277927e-01    142.0742622986436
40000  3.81953188e-01    142.11221162229776
41000  4.22503263e-01    156.05109795928
42000  4.27928196e-01    152.10382671654224
43000  4.07095565e-01    145.8076228275895
44000  4.00016727e-01    147.21910475194454
45000  3.91988388e-01    142.95314874500036
46000  3.72770053e-01    143.9222954660654
47000  3.78976159e-01    142.1915465593338
48000  3.70248534e-01    142.33345194905996
49000  4.16328303e-01    154.15175598859787
50000  4.16564904e-01    150.44370672106743
51000  4.08125533e-01    148.31600534170866
52000  3.87465091e-01    146.45076628029346
53000  3.77996719e-01    144.38624775409698
54000  3.76635454e-01    144.29625634849072
55000  3.69951294e-01    144.3347379937768
56000  3.76616616e-01    141.62796530872583
57000  4.00336680e-01    147.4155504181981
58000  3.98717863e-01    144.20484597235918
59000  3.86725260e-01    147.41848968714476
60000  3.93014166e-01    148.53684429824352
61000  3.79556500e-01    146.02072653919458
62000  3.75664982e-01    143.49480678141117
63000  3.76221385e-01    140.8306903168559
64000  3.63682641e-01    136.98055981099606
65000  3.98422018e-01    151.68642641603947
66000  4.05941562e-01    151.9101165086031
67000  3.97550036e-01    147.72527514398098
68000  3.84461052e-01    144.49310951679945
69000  3.77143205e-01    146.959884442389
70000  3.69321234e-01    146.0213520154357
71000  3.68099210e-01    143.50792372226715
72000  3.56680875e-01    138.68910543620586
73000  3.89900506e-01    146.68452589213848
74000  3.75713853e-01    144.01443826407194
75000  3.93722119e-01    146.31862738728523
76000  3.71612658e-01    142.08491817116737
77000  3.69304008e-01    139.35647003352642
78000  3.61826774e-01    141.94732683897018
79000  3.64796647e-01    138.11540907621384
80000  3.67963938e-01    141.03054121881723
81000  4.01718955e-01    149.95202146470547
82000  3.87291616e-01    138.09061751514673
83000  3.79065460e-01    137.43884672224522
84000  3.66266146e-01    141.64719343930483
85000  3.73859641e-01    142.52840434014797
86000  3.59127059e-01    140.4588681831956
87000  3.56615563e-01    136.6362039372325
88000  3.52677223e-01    139.96575064957142
89000  3.75117998e-01    141.24627127498388
90000  3.78178603e-01    135.8752866089344
91000  3.75622050e-01    144.97530107945204
92000  3.77376297e-01    143.3650186136365
93000  3.59992170e-01    139.0296272560954
94000  3.57841077e-01    139.13400615751743
95000  3.59407602e-01    138.4755812883377
96000  3.53240998e-01    138.38719706982374
97000  3.76972380e-01    148.1451489701867
98000  3.80032625e-01    144.32165054231882
99000  3.76026727e-01    144.22680235654116
100000 3.66087630e-01    144.2352649718523
101000 3.56558477e-01    143.31926634162664
102000 3.59406046e-01    142.24756789952517
103000 3.43992138e-01    141.38161727041006
104000 3.51125149e-01    138.77512588351965
105000 3.64521466e-01    149.20510590076447
106000 3.73956763e-01    145.96479347348213
107000 3.71713961e-01    145.24183554947376
108000 3.68800362e-01    144.767317853868
109000 3.59204522e-01    143.9142330288887
110000 3.53453180e-01    134.31026627868414
111000 3.49022435e-01    139.10918376594782
112000 3.57242317e-01    141.0085436925292
113000 3.64512525e-01    155.9184796437621
114000 3.67569202e-01    146.69565723836422
115000 3.58020167e-01    146.14011979848146
116000 3.65102254e-01    144.4431929141283
117000 3.50100023e-01    142.9397262185812
118000 3.47405760e-01    145.02178647369146
119000 3.47764800e-01    140.02431477606297
120000 3.46101755e-01    138.82537099719048
121000 3.70180694e-01    150.948070846498
122000 3.65367803e-01    141.2346636503935
123000 3.66232163e-01    141.4873184338212
124000 3.60104097e-01    145.86712543666363
125000 3.51153907e-01    141.73706912249327
126000 3.36963007e-01    141.45252453535795
127000 3.44947273e-01    141.7544513642788
128000 3.39195992e-01    141.12096679210663
129000 3.59928140e-01    156.66559232771397
130000 3.58140380e-01    152.8801047205925
131000 3.58020858e-01    152.02040319144726
132000 3.49655529e-01    150.90095158666372
133000 3.46942562e-01    149.06794346123934
134000 3.40154816e-01    150.23721235245466
135000 3.35034219e-01    148.51287484914064
136000 3.33659091e-01    148.02790513634682
137000 3.62661702e-01    148.72220063954592
138000 3.65350991e-01    144.11182246357203
139000 3.45935971e-01    141.98832154273987
140000 3.50299373e-01    141.49503418803215
141000 3.42488315e-01    142.00385489314795
142000 3.34328825e-01    143.81376894563437
143000 3.33169207e-01    140.98858298361301
144000 3.32837390e-01    137.79276686906815
145000 3.57255574e-01    152.43832599371672
146000 3.55029192e-01    146.91639629751444
147000 3.53510826e-01    145.54492285102606
148000 3.36480694e-01    142.66275549679995
149000 3.38821238e-01    143.64256174862385
150000 3.28493516e-01    142.55609138309956
151000 3.24750243e-01    142.24342716485262
152000 3.36102053e-01    140.74619718641043
153000 3.55325862e-01    149.3330735936761
154000 3.47256967e-01    145.82906381040812
155000 3.52290117e-01    145.29309441149235
156000 3.40468422e-01    144.18957793712616
157000 3.41636416e-01    143.34266894310713
158000 3.25062085e-01    144.45298075675964
159000 3.26176371e-01    148.20021510124207
160000 3.23394460e-01    144.55483380705118
161000 3.44670783e-01    164.56134178489447
162000 3.49769390e-01    152.80851627141237
163000 3.54872087e-01    150.98588497936726
164000 3.43304299e-01    147.94253553450108
165000 3.35828641e-01    144.87462516874075
166000 3.29670357e-01    143.10084202885628
167000 3.29764921e-01    142.87975076586008
168000 3.34667616e-01    143.44096563011408
169000 3.80799664e-01    161.83809458464384
170000 3.47247006e-01    152.63873839378357
171000 3.43307506e-01    147.85731173306704
172000 3.32928237e-01    140.2364097982645
173000 3.37720710e-01    144.88470958173275
174000 3.30849593e-01    142.11042688786983
175000 3.27395711e-01    142.93831921368837
176000 3.22305865e-01    141.5328010097146
177000 3.80909408e-01    151.3861836567521
178000 3.41480765e-01    144.56191942095757
179000 3.52526308e-01    143.32836755365133
180000 3.32072249e-01    147.64365202188492
181000 3.29768753e-01    145.39981617033482
182000 3.24355421e-01    143.83907666802406
183000 3.27661897e-01    142.26926932483912
184000 3.30195488e-01    142.0235555768013
185000 3.52500060e-01    160.75230655819178
186000 3.47180571e-01    154.2688536569476
187000 3.44620100e-01    154.1174789816141
188000 3.42827996e-01    155.17593604326248
189000 3.34930979e-01    153.1213605031371
190000 3.29511528e-01    149.5253116041422
191000 3.25038396e-01    149.15371344983578
192000 3.32223708e-01    146.94699016213417
193000 3.54546736e-01    158.90659252554178
194000 3.40093974e-01    151.01308792829514
195000 3.47859525e-01    150.63617293536663
196000 3.35845912e-01    145.7630336433649
197000 3.28152939e-01    143.1452691257
198000 3.24380462e-01    147.42843811959028
199000 3.15041148e-01    148.2687200307846
200000 3.17615457e-01    144.89276032149792
201000 3.53055206e-01    162.09348752349615
202000 3.45432852e-01    155.23759964853525
203000 3.27989704e-01    149.86934922635555
204000 3.32243868e-01    149.88426177203655
205000 3.24991788e-01    138.340610422194
206000 3.17464946e-01    137.7580648586154
207000 3.15977664e-01    144.15938594192266
208000 3.15571482e-01    140.96551397442818
209000 3.50891054e-01    157.64420945942402
210000 3.39965748e-01    149.84208843111992
211000 3.32640300e-01    146.6426154896617
212000 3.22580387e-01    146.35459677129984
213000 3.29222539e-01    144.70595372468233
214000 3.19402844e-01    137.9800689816475
215000 3.14435201e-01    142.90888506919146
216000 3.13623924e-01    143.47103639692068
217000 3.48217051e-01    152.15533404797316
218000 3.31431701e-01    144.2499599158764
219000 3.31649688e-01    144.2221075296402
220000 3.23083006e-01    145.55612485855818
221000 3.22225005e-01    143.15475638955832
222000 3.15005210e-01    144.44591707736254
223000 3.10658658e-01    146.79665457457304
224000 3.10679978e-01    146.1297691091895
225000 3.35508737e-01    157.42570989578962
226000 3.38812312e-01    150.43588264286518
227000 3.29188299e-01    149.41541679948568
228000 3.22391758e-01    149.74768438190222
229000 3.13607328e-01    146.57957614213228
230000 3.13589880e-01    146.16174199432135
231000 3.14401353e-01    145.8148607313633
232000 3.13049009e-01    144.3691744506359
233000 3.40288533e-01    148.89441318064928
234000 3.35869336e-01    147.29334128648043
235000 3.31440792e-01    146.78224087506533
236000 3.14562152e-01    146.45677188783884
237000 3.08728146e-01    137.0325840935111
238000 3.09855082e-01    133.78127994388342
239000 3.03303676e-01    132.94099561870098
240000 3.09167572e-01    133.4819261878729
241000 3.43668159e-01    159.65184931457043
242000 3.30225671e-01    150.73137138038874
243000 3.31284564e-01    146.24487474560738
244000 3.26889334e-01    139.1884945333004
245000 3.20632557e-01    143.50558660179377
246000 3.06388300e-01    144.4119545072317
247000 3.14584409e-01    143.87580639123917
248000 3.08018668e-01    139.6352630108595
249000 3.30316005e-01    156.86056899279356
250000 3.33531499e-01    149.49991289526224
251000 3.19629294e-01    143.20617966353893
252000 3.15421532e-01    145.6417424529791
253000 3.12806292e-01    145.73582409322262
254000 2.99178194e-01    145.14439745992422
255000 3.04070716e-01    144.7346404865384
256000 2.98766326e-01    132.51518593728542
257000 3.16364127e-01    153.75036116689444
258000 3.23889809e-01    148.03553564101458
259000 3.23116086e-01    146.38531681150198
260000 3.28292716e-01    148.00154267251492
261000 3.17326293e-01    143.2946419045329
262000 3.08909905e-01    144.37260633707047
263000 3.09093205e-01    145.86209753155708
264000 2.96668719e-01    144.53694688528776
265000 3.31083234e-01    156.47512884438038
266000 3.24045627e-01    149.43659630417824
267000 3.20118379e-01    145.72883508354425
268000 3.15833199e-01    147.9027348458767
269000 3.11015560e-01    144.23517175018787
270000 3.19478909e-01    144.8693343102932
271000 2.99885210e-01    145.31427159160376
272000 3.03893436e-01    142.849740318954
273000 3.26138235e-01    157.0199657306075
274000 3.23497102e-01    148.03215365856886
275000 3.20874860e-01    146.7223196402192
276000 3.05823525e-01    140.23688032478094
277000 3.08404407e-01    133.60509592294693
278000 2.99509781e-01    138.43195638805628
279000 2.96398540e-01    145.09404508024454
280000 3.06729672e-01    133.77281343191862
281000 3.29539411e-01    159.20560458302498
282000 3.21863694e-01    149.31255169212818
283000 3.16587605e-01    147.31160310655832
284000 3.20904045e-01    145.64403289556503
285000 3.07967099e-01    144.8067519813776
286000 3.06910633e-01    144.15237129479647
287000 3.08111591e-01    146.08171822875738
288000 3.05723248e-01    140.5465313717723
289000 3.39291131e-01    159.91262210905552
290000 3.21116550e-01    150.00137125700712
291000 3.19285196e-01    147.61463576555252
292000 3.21114916e-01    148.8589659780264
293000 3.09385716e-01    135.5775195583701
294000 3.07662458e-01    133.86134186387062
295000 3.08206847e-01    143.2545902505517
296000 3.04515297e-01    145.75444667041302
297000 3.27369738e-01    154.48299104720354
298000 3.16998739e-01    148.2093897163868
299000 3.08588718e-01    137.5670361071825
300000 3.15125139e-01    141.00544882565737
301000 3.06694913e-01    144.15930245816708
302000 3.07073763e-01    143.6936955973506
303000 3.06137545e-01    145.78084878623486
304000 2.95408896e-01    143.9900363534689
305000 3.27674891e-01    157.58617193251848
306000 3.14164133e-01    144.40674551576376
307000 3.20345281e-01    145.17513813078403
308000 3.10423091e-01    143.03173852711916
309000 3.10673809e-01    145.5467800050974
310000 2.96050238e-01    135.96906138956547
311000 2.98221229e-01    135.0504193753004
312000 2.94496661e-01    140.4198599755764
313000 3.22953690e-01    155.21787506341934
314000 3.26504240e-01    137.72123078256845
315000 3.22157389e-01    142.62191396951675
316000 3.12581214e-01    148.53496632725
317000 3.05624398e-01    144.9168796390295
318000 3.09511428e-01    144.86481209099293
319000 2.95693665e-01    145.5630542859435
320000 3.01572351e-01    143.29038235545158
321000 3.12261008e-01    158.05941224098206
322000 3.19086623e-01    140.51881433278322
323000 3.22934489e-01    137.6404743641615
324000 3.13810231e-01    136.41733007878065
325000 3.04119339e-01    135.88202250003815
326000 2.99942354e-01    134.14742480963469
327000 3.00583864e-01    134.73719059675932
328000 3.03578973e-01    134.1634706184268
329000 3.22447756e-01    157.6004155948758
330000 3.25013847e-01    147.99629266560078
331000 3.21617874e-01    143.86250487715006
332000 3.11083281e-01    145.39779226481915
333000 3.05850944e-01    144.89692252874374
334000 2.98891640e-01    143.96514534205198
335000 3.01792980e-01    143.41612461954355
336000 2.91252571e-01    144.18573887646198
