--------------------------------------------------------------------------------
Epoch  Train loss        Time
--------------------------------------------------------------------------------
1000   6.33459179e-02    65.73487935215235
2000   2.18052079e-03    58.09973953664303
3000   1.72086762e-03    66.52711034566164
4000   1.69825590e-03    59.82307906448841
5000   1.80222256e-03    65.07034748792648
6000   1.80494509e-03    68.05865286290646
7000   1.87459523e-03    65.87730966508389
8000   1.93188378e-03    69.77401714771986
9000   1.66359280e-03    61.677663303911686
10000  8.61625264e-04    62.568681076169014
11000  7.48258416e-04    65.83376196026802
12000  6.66507607e-04    63.48050871491432
13000  6.11683888e-04    61.14997933804989
14000  5.92440724e-04    63.7985405549407
15000  6.41941778e-04    61.60347034037113
16000  7.90629318e-04    62.704022616147995
17000  1.00177599e-03    59.33976222574711
18000  6.92017862e-04    69.01957822591066
19000  7.18722378e-04    71.04047219455242
20000  7.23476012e-04    70.38597910106182
21000  8.02699055e-04    65.97102276980877
22000  8.43672493e-04    58.51913093030453
23000  8.33393600e-04    63.7927810549736
24000  8.44604771e-04    64.93432442843914
25000  8.61283518e-04    62.844867423176765
26000  5.62359553e-04    64.80507832765579
27000  5.98696904e-04    61.52745362371206
28000  6.10106623e-04    56.97601696103811
29000  6.85681901e-04    61.555070750415325
30000  7.24015598e-04    58.48578193038702
31000  7.35192959e-04    64.25857861340046
32000  7.61626518e-04    71.42673620581627
33000  8.81254085e-04    71.41851183027029
34000  6.04696888e-04    71.18169804662466
35000  6.57401616e-04    63.14085615426302
36000  7.44813555e-04    72.08339004218578
37000  8.62266665e-04    64.00426843762398
38000  9.55933262e-04    66.4505779221654
39000  1.04930691e-03    62.88437955081463
40000  1.10671738e-03    64.4285416379571
41000  1.00885691e-03    67.44473032653332
42000  5.94594269e-04    71.47452663630247
43000  6.17414192e-04    64.79319823533297
44000  7.18995903e-04    63.669437535107136
45000  8.95222530e-04    62.28644196689129
46000  1.14923105e-03    65.05067535489798
47000  1.09077696e-03    62.519757859408855
48000  9.35853975e-04    61.18643505126238
49000  9.33342777e-04    73.44138001650572
50000  6.06264208e-04    64.04168531298637
51000  6.65779639e-04    66.0873257741332
52000  6.85425578e-04    69.62390317767859
53000  7.36792196e-04    69.74735171347857
54000  8.21206873e-04    61.47032029926777
55000  8.62129087e-04    66.00575315207243
56000  8.56729903e-04    63.13195924460888
57000  8.34719881e-04    68.49929239600897
58000  5.21035191e-04    64.79625061154366
59000  5.47276630e-04    60.48370550572872
60000  5.61270679e-04    64.337886556983
61000  6.27384304e-04    67.2147004455328
62000  6.86555074e-04    59.84455492347479
63000  7.01440423e-04    67.25213511288166
64000  7.38613101e-04    64.5389452278614
65000  1.01095871e-03    71.29354647547007
66000  5.45971404e-04    59.85584852844477
67000  5.17720436e-04    61.43267481029034
68000  5.10319076e-04    62.40373483300209
69000  5.02087168e-04    70.84126029163599
70000  4.94580461e-04    67.26722003519535
71000  4.91151979e-04    64.77926263213158
72000  4.84642524e-04    64.38552345335484
73000  5.35786880e-04    76.73174721747637
74000  3.99509780e-04    69.04685195535421
75000  4.10630576e-04    60.806117586791515
76000  4.50856785e-04    62.075256891548634
77000  5.34894895e-04    62.44654279947281
78000  6.93337741e-04    61.04286514222622
79000  7.00551611e-04    68.08101750910282
80000  7.13013668e-04    71.75474571436644
81000  7.21850401e-04    82.98460360616446
82000  4.56428855e-04    76.51342908293009
83000  4.50853400e-04    68.74736023694277
84000  4.51893839e-04    63.29216040670872
85000  4.10282200e-04    64.49209406971931
86000  3.96874114e-04    61.41823750734329
87000  4.15249539e-04    71.15826815366745
88000  4.13071853e-04    63.88940052688122
89000  6.26655898e-04    55.11980414390564
90000  5.13286193e-04    63.905136063694954
91000  5.16743043e-04    66.08232641220093
92000  4.62800182e-04    65.96370355784893
93000  4.47308520e-04    73.5202938169241
94000  4.31613417e-04    72.11131027340889
95000  4.22602544e-04    74.36987560242414
96000  3.89965935e-04    73.90827705711126
97000  7.87126726e-04    68.56067829579115
98000  4.58273367e-04    63.77402871847153
99000  4.17611290e-04    61.86625711619854
100000 4.00916942e-04    62.32657127827406
101000 3.89912954e-04    64.56525499373674
102000 3.96673551e-04    72.65041642636061
103000 4.24858680e-04    62.33102113753557
104000 4.67043285e-04    61.87930944561958
105000 7.90166050e-04    78.70256992429495
106000 5.21645441e-04    65.2239438816905
107000 5.38372330e-04    61.21741629391909
108000 5.80510856e-04    61.45057538896799
109000 6.67218860e-04    59.94774067401886
110000 8.27581626e-04    66.2914180085063
111000 9.37140434e-04    71.58622333407402
112000 1.30083403e-03    68.08257044106722
113000 9.16641841e-04    72.80650933086872
114000 4.95160781e-04    62.453893437981606
115000 4.66088714e-04    64.58330441266298
116000 4.51607317e-04    65.20127918571234
117000 4.43746546e-04    62.253747060894966
118000 4.34085369e-04    65.05707079917192
119000 4.14585939e-04    61.07810174673796
120000 4.14148824e-04    63.11618097126484
121000 6.47447092e-04    78.97935376316309
122000 4.86745036e-04    63.84590399265289
123000 5.28054671e-04    63.852172151207924
124000 5.46212875e-04    73.95625733584166
125000 6.23203079e-04    64.34553792327642
126000 7.00011847e-04    66.98327910155058
127000 7.29677982e-04    65.04801121354103
128000 7.61078780e-04    68.30634880810976
129000 7.12223622e-04    75.08374159038067
130000 4.58738781e-04    61.63284058868885
131000 4.33825611e-04    71.3231822475791
132000 4.22189149e-04    64.50394693762064
133000 4.04931853e-04    63.413458824157715
134000 4.06623316e-04    61.53744889050722
135000 4.05986952e-04    74.01426085829735
136000 3.97472806e-04    62.293322898447514
137000 6.56982901e-04    77.92527976632118
138000 4.65795614e-04    65.21482866257429
139000 4.81407061e-04    60.86564411967993
140000 4.47843320e-04    64.64411705732346
141000 4.28028510e-04    64.84330942481756
142000 4.22701433e-04    62.070963233709335
143000 4.19878360e-04    61.3603785559535
144000 4.80734896e-04    65.21397391706705
145000 8.66749427e-04    72.60217881947756
146000 5.36628021e-04    63.33813747018576
147000 5.56920729e-04    62.62571167200804
148000 6.51811877e-04    61.11700728535652
149000 7.64222068e-04    69.45868891477585
150000 8.75105077e-04    63.86366240680218
151000 1.07826614e-03    66.30445398390293
152000 1.39461245e-03    73.64637410640717
153000 8.90528034e-04    79.96922414749861
154000 5.58373007e-04    70.19775880128145
155000 7.10817379e-04    68.6523402556777
156000 9.19085189e-04    63.50110883265734
157000 1.13997655e-03    67.03165654093027
158000 9.92418304e-04    67.59056697040796
159000 9.73889432e-04    66.67725809663534
160000 9.77848636e-04    64.55859068781137
161000 7.83380811e-04    56.74774727970362
162000 5.02792007e-04    69.58390881121159
163000 5.35985776e-04    64.76913207024336
164000 5.47163478e-04    66.61059633642435
165000 6.17236260e-04    62.3083425834775
166000 6.94628943e-04    61.3469979390502
167000 7.21078318e-04    62.47512660175562
168000 7.67379201e-04    62.506869092583656
169000 8.11628798e-04    66.39267540723085
170000 4.70949892e-04    67.28674267232418
171000 5.02180620e-04    67.22498369961977
172000 5.42596030e-04    66.78838124126196
173000 6.05447935e-04    63.65897848457098
174000 6.92396139e-04    63.50968109071255
175000 7.37879157e-04    63.52819203585386
176000 7.72585324e-04    66.22383780777454
177000 6.89625556e-04    68.01016454398632
178000 3.78002808e-04    64.5600169673562
179000 3.72095985e-04    63.128216564655304
180000 4.10523905e-04    64.43163154274225
181000 4.93071444e-04    64.98109674453735
182000 6.29269185e-04    62.462293319404125
183000 6.40680605e-04    63.23996613919735
184000 6.70370304e-04    65.81584576517344
185000 8.97352021e-04    68.63310522586107
186000 5.11908996e-04    63.57618188112974
187000 5.42060285e-04    66.16990480571985
188000 6.31700535e-04    69.76057959347963
189000 7.52358722e-04    63.72401375323534
190000 8.74412278e-04    65.09006264060736
191000 1.07178403e-03    63.16925848275423
192000 1.41256124e-03    64.35959039628506
193000 1.00992175e-03    66.33768854290247
194000 5.31645473e-04    64.61561746895313
195000 5.27811590e-04    74.88421408087015
196000 4.61534823e-04    64.71200684458017
197000 4.32200912e-04    65.49443277716637
198000 4.30219443e-04    68.40099364519119
199000 4.24389229e-04    66.61175087839365
200000 4.79762317e-04    63.968695379793644
201000 7.63611111e-04    82.4316965714097
202000 4.90332325e-04    77.01698941737413
203000 5.03144831e-04    66.2841448187828
204000 5.19690044e-04    71.70668325573206
205000 5.95366562e-04    66.18843756616116
206000 6.59560708e-04    66.05493713915348
207000 6.99332512e-04    67.65542593598366
208000 7.51546953e-04    72.67996117472649
209000 7.33657733e-04    79.3955125361681
210000 4.42477250e-04    77.17606126517057
211000 4.50538135e-04    65.51530243456364
212000 4.72268812e-04    65.93179219216108
213000 5.41938735e-04    65.79531674087048
214000 6.03105249e-04    66.35443614423275
215000 6.38884851e-04    74.87889921665192
216000 6.95761153e-04    62.523794412612915
217000 6.69699503e-04    63.60201225429773
218000 4.40560223e-04    65.27841027826071
219000 4.34166400e-04    66.84262779355049
220000 4.20480757e-04    69.76845841854811
221000 3.79807758e-04    71.2665334418416
222000 3.80989945e-04    69.71515525132418
223000 4.03287861e-04    64.42323070019484
224000 4.01898815e-04    73.67356744408607
225000 7.13562314e-04    82.35344495624304
226000 4.56181342e-04    70.06468262523413
227000 5.12722610e-04    64.4288259446621
228000 6.59793110e-04    63.13669117540121
229000 8.46384179e-04    63.385108947753906
230000 1.04936385e-03    63.8182597309351
231000 9.64566784e-04    64.05985245853662
232000 8.02399827e-04    65.95484132319689
233000 9.38106066e-04    83.34864524751902
234000 5.06002630e-04    78.38546701520681
235000 5.03965172e-04    65.27003214508295
236000 5.22148094e-04    64.5810347944498
237000 6.20291377e-04    74.58013743162155
238000 7.96091664e-04    63.63062006235123
239000 9.31724805e-04    69.85784543305635
240000 1.30512272e-03    64.23876701295376
241000 8.74321628e-04    81.65358257293701
242000 5.55372406e-04    70.40061956644058
243000 7.43543184e-04    63.712190717458725
244000 9.75387547e-04    67.27669558674097
245000 1.22986391e-03    67.20311214774847
246000 1.08011689e-03    65.46499163657427
247000 1.00916926e-03    64.28667090088129
248000 1.06468304e-03    64.28589837253094
249000 9.05944305e-04    82.55359497666359
250000 4.73572321e-04    67.61435159295797
251000 4.24625660e-04    76.23850748687983
252000 3.85108814e-04    72.04875599592924
253000 3.59602442e-04    79.22107760608196
254000 3.58813616e-04    79.10448861122131
255000 4.05139095e-04    76.80053571611643
256000 5.41194263e-04    67.2205456122756
257000 7.50889182e-04    80.34077537804842
258000 5.28862689e-04    64.40626298636198
259000 5.72507130e-04    73.22351403534412
260000 6.80537399e-04    64.81981889903545
261000 8.53639902e-04    66.45017050951719
262000 1.02309376e-03    63.50722185522318
263000 1.15655760e-03    59.95996329188347
264000 1.25381919e-03    65.11732456088066
265000 1.16917580e-03    67.78796514123678
266000 5.37456288e-04    71.50715911388397
267000 4.97733317e-04    73.59824126213789
268000 4.85145686e-04    67.4360785484314
269000 4.71360411e-04    63.7709105014801
270000 4.63727060e-04    61.321937419474125
271000 4.63430643e-04    63.8356556892395
272000 4.52569646e-04    64.6356370151043
273000 4.97136914e-04    79.55902052670717
274000 4.38036935e-04    71.97008065879345
275000 4.74657415e-04    75.22014655917883
276000 5.02832082e-04    70.31374816596508
277000 5.76025491e-04    69.47147469222546
278000 6.54729982e-04    76.09240621328354
279000 6.95361627e-04    68.54272235184908
280000 7.59808774e-04    65.63982414454222
281000 7.24250422e-04    70.43511856347322
282000 4.29844631e-04    68.17129922658205
283000 4.49857393e-04    65.40322887152433
284000 4.77469884e-04    66.72881679981947
285000 5.42138236e-04    69.60183644294739
286000 6.12957445e-04    75.12587127834558
287000 6.58069480e-04    69.2098427861929
288000 7.46275967e-04    73.25388527661562
289000 7.90362373e-04    75.52500543743372
290000 5.86291502e-04    77.06624703854322
291000 5.58379720e-04    81.48401339352131
292000 4.83642502e-04    70.07109450548887
293000 4.46325712e-04    67.668331541121
294000 4.46148888e-04    68.497250713408
295000 4.48471385e-04    76.26813112199306
296000 4.20282224e-04    65.96594834327698
297000 8.20656203e-04    85.37821829319
298000 4.59575054e-04    77.58984021097422
299000 4.83331082e-04    68.14880581945181
300000 5.02340565e-04    68.01793600618839
301000 5.72065976e-04    70.31777358055115
302000 6.33096434e-04    69.0432856976986
303000 6.73807234e-04    70.0366028547287
304000 7.66518490e-04    63.07072815299034
305000 7.60504851e-04    84.83735383301973
306000 4.43061032e-04    67.6786599829793
307000 4.25194013e-04    64.80812203139067
308000 4.16130414e-04    66.06892709434032
309000 4.12973235e-04    66.5521193370223
310000 4.11466855e-04    63.86743912100792
311000 3.99603957e-04    66.58379597961903
312000 4.01872616e-04    65.49034656584263
313000 5.83837718e-04    84.27602724730968
314000 4.48205400e-04    81.08464280515909
315000 4.15946266e-04    72.7847641184926
316000 4.13395073e-04    65.7113046720624
317000 3.83351593e-04    65.80045159161091
318000 3.90287446e-04    67.88228037208319
319000 4.01737307e-04    67.27395591139793
320000 3.91595830e-04    67.12357977032661
321000 8.82579255e-04    83.01478464901447
322000 5.11916557e-04    79.26760937273502
323000 5.62717317e-04    67.63752299547195
324000 6.68530349e-04    73.59656579047441
325000 8.42542781e-04    72.36022555828094
326000 1.09236496e-03    65.14637818187475
327000 1.31087993e-03    71.84469569474459
328000 1.38392117e-03    72.31456699222326
329000 1.01995431e-03    72.46089099347591
330000 4.61615664e-04    69.85875269025564
331000 4.20250477e-04    74.03239174932241
332000 4.02553413e-04    64.87211325019598
333000 3.93370011e-04    65.46270455420017
334000 4.04877424e-04    65.31273147463799
335000 4.32953717e-04    66.53310976177454
336000 4.74575826e-04    63.59691799432039
