--------------------------------------------------------------------------------
Epoch  Train loss        Time
--------------------------------------------------------------------------------
1000   1.44840092e-01    158.77992323040962
2000   1.07015822e-02    156.4780095219612
3000   7.56471245e-03    156.24458610266447
4000   6.50073318e-03    156.15705878287554
5000   6.39620796e-03    151.85998652875423
6000   6.17431502e-03    152.97326065599918
7000   5.55209235e-03    152.40644876658916
8000   5.10826787e-03    152.48531810194254
9000   5.00442363e-03    158.1067467406392
10000  3.47433370e-03    154.85485460609198
11000  3.90817360e-03    155.6568861156702
12000  4.08916095e-03    158.29295946657658
13000  4.45825211e-03    154.7080473303795
14000  4.41056350e-03    153.53250239044428
15000  4.19447521e-03    154.12782345712185
16000  3.87447873e-03    152.1551831588149
17000  4.45843927e-03    157.5199690386653
18000  2.88978431e-03    155.47481083124876
19000  3.13695954e-03    157.2587183713913
20000  3.41391171e-03    155.9720447435975
21000  3.88590029e-03    154.31585657596588
22000  3.70281595e-03    154.29800959676504
23000  3.60807003e-03    153.52066895365715
24000  3.45534727e-03    152.14040338993073
25000  3.94581959e-03    158.21221436560154
26000  2.67947770e-03    158.62516602873802
27000  2.75825852e-03    156.45376865565777
28000  3.10915451e-03    156.2791676670313
29000  3.22012920e-03    152.85580050945282
30000  3.39569919e-03    155.28061521798372
31000  3.37301488e-03    153.513984978199
32000  3.19078772e-03    155.3681262806058
33000  4.04980621e-03    172.47490693628788
34000  2.57494248e-03    168.57833302766085
35000  2.63162366e-03    166.1493861824274
36000  2.81646318e-03    164.84605716913939
37000  2.99157957e-03    161.75997487455606
38000  3.19693068e-03    160.14013202488422
39000  3.05718240e-03    156.31746964156628
40000  3.03197028e-03    157.2359963580966
41000  4.68600593e-03    163.99430975317955
42000  2.48906963e-03    164.04310701042414
43000  2.55307927e-03    161.7326906248927
44000  2.67638830e-03    158.13165325671434
45000  2.74756431e-03    160.1635188087821
46000  3.07930367e-03    157.35371512174606
47000  2.94254517e-03    157.48092758655548
48000  2.95463890e-03    154.99664533138275
49000  3.62463209e-03    163.5663976073265
50000  2.41564552e-03    160.74738302081823
51000  2.58362566e-03    158.8422855809331
52000  2.72611369e-03    158.59867364913225
53000  2.93955403e-03    160.3208562284708
54000  2.99672734e-03    161.13477671146393
55000  3.01809994e-03    155.6086155101657
56000  3.05501997e-03    158.02092124521732
57000  3.89160496e-03    165.74471563100815
58000  2.45359546e-03    162.2924372702837
59000  2.54043440e-03    163.5157617405057
60000  2.74470118e-03    160.400801114738
61000  2.82667309e-03    155.9150733873248
62000  3.09863310e-03    155.4455767273903
63000  3.06198466e-03    156.0434941202402
64000  3.05327537e-03    154.58656580746174
65000  4.43086961e-03    170.42172171920538
66000  2.53530151e-03    165.56823413819075
67000  2.84642306e-03    163.7896602898836
68000  2.84767782e-03    161.20223244279623
69000  3.16981961e-03    156.42790216952562
70000  3.22045151e-03    152.9222967326641
71000  2.95396534e-03    156.50908809155226
72000  3.04023221e-03    152.81089854240417
73000  4.11246744e-03    169.15713793039322
74000  2.47017894e-03    165.34962117671967
75000  2.53586656e-03    164.2418726310134
76000  2.64373755e-03    164.1856431365013
77000  2.84851796e-03    160.7571772709489
78000  3.01827153e-03    156.66493605822325
79000  3.08829222e-03    157.04290087521076
80000  3.05922889e-03    154.61561185121536
81000  5.08200647e-03    166.86993073672056
82000  2.42941470e-03    163.3268058001995
83000  2.49407719e-03    161.7872026115656
84000  2.59698537e-03    161.6169600263238
85000  2.78796532e-03    159.12607837468386
86000  3.08801073e-03    161.26680341362953
87000  3.06186204e-03    159.16022919118404
88000  3.07561157e-03    155.4831846728921
89000  4.31241636e-03    164.21976266801357
90000  2.42473606e-03    164.63120518624783
91000  2.67510029e-03    160.29710834473372
92000  3.00017564e-03    160.20225020498037
93000  3.21435196e-03    157.5228747278452
94000  3.17672365e-03    154.6590877249837
95000  3.22225270e-03    155.6913043037057
96000  3.06965653e-03    154.71090207248926
97000  5.38351057e-03    172.5497952848673
98000  2.50193185e-03    163.63778054714203
99000  2.55963952e-03    164.27286062389612
100000 2.71532672e-03    161.75306347757578
101000 2.86753217e-03    160.36153380572796
102000 3.07417966e-03    160.74589217454195
103000 3.29953619e-03    157.05393166095018
104000 3.27030120e-03    158.79776131361723
105000 4.75400166e-03    169.0382454842329
106000 2.32205209e-03    168.1338052675128
107000 2.57527747e-03    165.709747210145
108000 2.60966035e-03    162.16646077483892
109000 2.81893835e-03    157.56080938130617
110000 3.00059232e-03    156.1473978459835
111000 3.17694142e-03    158.20286383479834
112000 3.26024926e-03    158.16303256899118
113000 4.66053377e-03    170.21169520169497
114000 2.31254863e-03    164.19959177076817
115000 2.59093226e-03    165.01542054861784
116000 2.75943542e-03    163.553637906909
117000 2.91474864e-03    162.6583160609007
118000 3.15169074e-03    162.12531539797783
119000 3.15235811e-03    161.1800595894456
120000 3.26002643e-03    156.99280429631472
121000 4.71132301e-03    167.08105175942183
122000 2.45778850e-03    165.41537158936262
123000 2.66741353e-03    161.78014987707138
124000 2.90724157e-03    162.63250866532326
125000 3.02513498e-03    159.85989597439766
126000 3.12349873e-03    163.06199123710394
127000 3.18871764e-03    159.39942867308855
128000 3.12348645e-03    158.69372741132975
129000 4.67191860e-03    169.03438805043697
130000 2.47452584e-03    165.47503916174173
131000 2.61601029e-03    164.70653264969587
132000 2.75879732e-03    164.94542663544416
133000 3.02292527e-03    159.0921872407198
134000 3.21278520e-03    156.96753469854593
135000 3.30130121e-03    156.77574987709522
136000 3.23950596e-03    159.1800619289279
137000 4.56500390e-03    170.21255483478308
138000 2.58546269e-03    162.4463393688202
139000 2.99738557e-03    157.97641672939062
140000 2.93674405e-03    160.55610068142414
141000 3.02615878e-03    157.19126749038696
142000 3.32464884e-03    158.9817185625434
143000 3.44802882e-03    159.19689670205116
144000 3.41529681e-03    159.66697966307402
145000 3.81948507e-03    166.1083702519536
146000 2.50741453e-03    161.14455783367157
147000 2.83669719e-03    161.29325772076845
148000 2.96668949e-03    159.01680771261454
149000 3.35934960e-03    158.41806238889694
150000 3.48569057e-03    154.21464975178242
151000 3.35571159e-03    155.41285881400108
152000 3.30827446e-03    155.64709663391113
153000 4.83919812e-03    173.45081121474504
154000 2.42811090e-03    167.68970000743866
155000 2.63111552e-03    165.7227205261588
156000 2.77828285e-03    165.40095845609903
157000 3.10305825e-03    164.17423086613417
158000 3.26024618e-03    161.46859896928072
159000 3.22367268e-03    161.2053155824542
160000 3.06905800e-03    162.57520776987076
161000 5.13663745e-03    171.99665895104408
162000 2.39891280e-03    166.69483398646116
163000 2.40489088e-03    168.54216880351305
164000 2.80397960e-03    167.70140780508518
165000 2.94784747e-03    165.7498895674944
166000 3.19049877e-03    164.86951307952404
167000 3.43485715e-03    163.8038608506322
168000 3.62933653e-03    159.87873438745737
169000 4.23841879e-03    171.65921008586884
170000 2.48677726e-03    164.7264889702201
171000 2.67760390e-03    161.93263179808855
172000 2.84444487e-03    161.215402379632
173000 3.28668092e-03    161.67917969822884
174000 3.54926168e-03    158.19081065803766
175000 3.55609712e-03    159.16068574041128
176000 3.55673526e-03    159.550254881382
177000 6.10741066e-03    174.19182062149048
178000 2.63322541e-03    167.6530729830265
179000 2.73248183e-03    165.8035083115101
180000 2.82437707e-03    165.16903080791235
181000 3.08682310e-03    161.218870267272
182000 3.42627811e-03    159.0882352590561
183000 3.44015496e-03    159.24925385415554
184000 3.45912503e-03    157.1019165739417
185000 4.39999002e-03    174.71094420552254
186000 2.35120578e-03    168.11182480305433
187000 2.62158309e-03    165.1371242031455
188000 2.69058903e-03    165.6537095606327
189000 3.02060484e-03    160.49011205881834
190000 3.25945935e-03    158.98343312740326
191000 3.45844743e-03    157.12011897563934
192000 3.65031317e-03    151.99423094838858
193000 5.19681161e-03    168.23541367053986
194000 2.57867767e-03    159.58465030044317
195000 2.84258071e-03    157.5244871303439
196000 3.17662363e-03    157.12901289761066
197000 3.57425108e-03    156.90494176000357
198000 3.52406075e-03    153.6639340594411
199000 3.45202521e-03    155.01570973545313
200000 3.30679540e-03    146.8659742474556
201000 4.03726775e-03    165.04024592787027
202000 2.60247123e-03    158.88416603207588
203000 3.03500802e-03    155.24365724623203
204000 3.12990073e-03    156.89003280550241
205000 3.45091846e-03    155.08015228062868
206000 3.53912907e-03    155.1283836439252
207000 3.63447520e-03    147.25207126885653
208000 3.56434695e-03    151.91310131549835
209000 3.60099370e-03    163.89468435943127
210000 2.46702601e-03    159.56974733620882
211000 2.53932717e-03    157.32237443327904
212000 2.72195212e-03    154.4181196168065
213000 3.12178506e-03    148.75344399362803
214000 3.50830571e-03    157.27837594598532
215000 3.56951250e-03    153.73738856613636
216000 3.29091150e-03    150.08247821033
217000 4.12033968e-03    169.62547155469656
218000 2.48615043e-03    160.48247084766626
219000 2.58531525e-03    158.51413233578205
220000 2.77514315e-03    151.32993744313717
221000 3.13602608e-03    155.2247034907341
222000 3.42390859e-03    147.25722762942314
223000 3.33805984e-03    150.4847855195403
224000 3.24096717e-03    144.8441360965371
225000 3.86774299e-03    172.12402066588402
226000 2.54775587e-03    163.58705908060074
227000 2.59614928e-03    160.83728954941034
228000 2.89287603e-03    162.07772909104824
229000 3.03212341e-03    158.11447716504335
230000 3.26376671e-03    157.09510821849108
231000 3.25881888e-03    154.03277304023504
232000 3.10004459e-03    146.24857065826654
233000 4.24292540e-03    160.66972779482603
234000 2.47562245e-03    157.46699307858944
235000 2.66631468e-03    155.90483800321817
236000 2.80155420e-03    154.69404163211584
237000 3.11657083e-03    155.45154609531164
238000 3.23330611e-03    154.65444036573172
239000 3.17807140e-03    148.60816410928965
240000 3.14738607e-03    148.92421176284552
241000 3.70849400e-03    173.24426228553057
242000 2.41924345e-03    161.3116436228156
243000 2.67015374e-03    162.82023386657238
244000 2.85560207e-03    153.85884485393763
245000 3.03594058e-03    157.56868241727352
246000 3.17262267e-03    159.55392630398273
247000 3.29815896e-03    155.66959533840418
248000 3.20625499e-03    148.69795378297567
249000 4.59569760e-03    172.53053820878267
250000 2.38327876e-03    161.1137558966875
251000 2.57475140e-03    160.86618004739285
252000 2.67785199e-03    158.2120488062501
253000 2.72337544e-03    154.11365666240454
254000 2.98632378e-03    153.28750208765268
255000 2.90646385e-03    150.32995731383562
256000 2.84713225e-03    151.36872079968452
257000 3.82769720e-03    174.72243885695934
258000 2.34924009e-03    166.09725487977266
259000 2.72837439e-03    164.14000979810953
260000 2.76752501e-03    157.95942428708076
261000 2.97264771e-03    156.95984003692865
262000 3.08441026e-03    153.58974638581276
263000 3.10592644e-03    154.3794260919094
264000 2.93151516e-03    152.9975732266903
265000 3.12076775e-03    174.82118760049343
266000 2.25124366e-03    166.7210097834468
267000 2.31996376e-03    165.16700837016106
268000 2.48934100e-03    164.94651322066784
269000 2.72195986e-03    161.61106153577566
270000 2.98505689e-03    159.50292617827654
271000 3.09697023e-03    158.1280319020152
272000 3.06544159e-03    158.68630972504616
273000 3.77699890e-03    176.72483480721712
274000 2.39515383e-03    164.601605348289
275000 2.67578700e-03    163.70909219235182
276000 2.70836369e-03    162.50394953787327
277000 3.00919427e-03    161.17968142032623
278000 3.03365206e-03    159.0599470883608
279000 2.98665827e-03    160.0654994547367
280000 2.91787774e-03    157.80387143045664
281000 4.40141947e-03    171.51745786517859
282000 2.19218804e-03    163.4950802102685
283000 2.48962708e-03    160.6923957169056
284000 2.60526233e-03    156.44489209353924
285000 2.77352919e-03    155.7360951602459
286000 2.88717785e-03    156.2845827266574
287000 2.96426413e-03    156.3972605764866
288000 3.00914504e-03    155.56409443169832
289000 4.07415379e-03    173.18955522030592
290000 2.37658942e-03    164.43477948755026
291000 2.64442789e-03    164.05665976554155
292000 2.88454921e-03    164.10013186186552
293000 3.04526800e-03    159.82389249652624
294000 3.09252239e-03    159.03297781944275
295000 3.19030088e-03    158.51665242761374
296000 2.95753963e-03    158.88414405286312
297000 4.29419313e-03    173.64500744640827
298000 2.37073001e-03    163.74308864027262
299000 2.47643607e-03    163.65767189115286
300000 2.64631317e-03    161.1572214514017
301000 2.78133018e-03    158.54815968871117
302000 2.99631466e-03    156.0435261055827
303000 2.99520677e-03    150.74248419702053
304000 2.90632547e-03    152.33749885112047
305000 3.95060996e-03    169.8699128627777
306000 2.25266162e-03    161.69363065063953
307000 2.47687980e-03    161.51628986746073
308000 2.62811820e-03    160.5461255311966
309000 2.82217273e-03    158.75711981207132
310000 3.03000208e-03    157.07403764873743
311000 2.97317743e-03    156.59102457016706
312000 2.88603661e-03    156.04750309884548
313000 3.80404233e-03    173.63939414173365
314000 2.35747596e-03    165.000657774508
315000 2.43360875e-03    162.99781665951014
316000 2.60736664e-03    163.51296893507242
317000 2.78155314e-03    162.66586469113827
318000 2.87181998e-03    160.85636723786592
319000 2.99583190e-03    162.94469498097897
320000 2.92749229e-03    160.6698789447546
321000 3.58203389e-03    175.66317579895258
322000 2.20433284e-03    168.6456231996417
323000 2.20338778e-03    166.81229180842638
324000 2.48306750e-03    169.64734692126513
325000 2.63936466e-03    167.531020142138
326000 2.83038902e-03    167.33743633329868
327000 3.09760819e-03    166.11682606488466
328000 3.10694339e-03    163.6787871196866
329000 3.60344686e-03    179.79189270734787
330000 2.37554164e-03    168.49238634109497
331000 2.66977031e-03    167.75709449499846
332000 2.72765989e-03    163.7950470596552
333000 3.06084622e-03    160.96287001669407
334000 2.93218558e-03    161.04222758114338
335000 2.89748967e-03    163.94408935308456
336000 2.83092667e-03    160.08416660875082
